0x3        => 1
0x4        => 1
0xb        => 1
0xc        => 1
0xd        => 1
0xe        => 1
0xf        => 1
0x10       => 8
0x18       => 8
0x20       => 1
0x21       => 1
0x22       => 4
0x26       => 4
0x2a       => 1
0x2b       => 1
0x2c       => 1
0x2d       => 4
0x9d       => 4
0xa1       => 1
0xa2       => 1
0xa7       => 1
0xa8       => 1
0xb4       => 1
0xb5       => 1
0xc3       => 1
0xc4       => 1
0xd0       => 1
0xd1       => 1
0xdb       => 1
0xdc       => 1
0xe7       => 1
0xe8       => 1
0xf3       => 1
0xf4       => 1
0xff       => 1
0x100      => 1
0x109      => 1
0x10a      => 1
0x10e      => 1
0x10f      => 1
0x11a      => 1
0x11b      => 1
0x120      => 4
0x124      => 1
0x125      => 1
0x126      => 4
0x12a      => 1
0x12b      => 4
0x12f      => 4
0x133      => 1
0x134      => 1
0x135      => 1
0x136      => 4
0x1a2      => 4
0x1a6      => 1
0x1a7      => 1
0x1ad      => 1
0x1ae      => 1
0x1e9      => 1
0x1ea      => 1
0x1f4      => 1
0x1f5      => 1
0x201      => 1
0x202      => 1
0x20c      => 1
0x20d      => 1
0x215      => 1
0x216      => 1
0x21f      => 1
0x220      => 1
0x228      => 1
0x229      => 1
0x22c      => 1
0x22d      => 1
0x233      => 1
0x234      => 1
0x23e      => 4
0x242      => 1
0x243      => 1
0x244      => 4
0x248      => 4
0x24c      => 4
0x250      => 4
0x254      => 1
0x255      => 4
0x259      => 4
0x25d      => 1
0x25e      => 1
0x25f      => 1
0x260      => 4
0x294      => 4
0x298      => 1
0x299      => 1
0x2a6      => 1
0x2a7      => 1
0x2a8      => 1
0x2ab      => 1
0x2ac      => 1
0x2b2      => 1
0x2b3      => 1
0x2be      => 1
0x2bf      => 1
0x2cc      => 4
0x2d0      => 1
0x2d1      => 1
0x2d2      => 4
0x2d6      => 4
0x2da      => 4
0x2de      => 4
0x2e2      => 1
0x2e3      => 4
0x2e7      => 4
0x2eb      => 1
0x2ec      => 1
0x2ed      => 1
0x2ee      => 4
0x346      => 4
0x34a      => 1
0x34b      => 1
0x34e      => 1
0x34f      => 1
0x355      => 1
0x356      => 1
0x35d      => 1
0x35e      => 1
0x363      => 1
0x364      => 1
0x36c      => 1
0x36d      => 1
0x37a      => 1
0x37b      => 8
0x383      => 1
0x384      => 1
0x38f      => 1
0x390      => 1
0x39d      => 4
0x3a1      => 1
0x3a2      => 1
0x3a3      => 4
0x3a7      => 4
0x3ab      => 4
0x3af      => 4
0x3b3      => 1
0x3b4      => 4
0x3b8      => 4
0x3bc      => 1
0x3bd      => 1
0x3be      => 1
0x3bf      => 4
0x407      => 4
0x40b      => 1
0x40c      => 1
0x40f      => 1
0x410      => 1
0x416      => 1
0x417      => 1
0x41e      => 1
0x41f      => 1
0x424      => 1
0x425      => 1
0x42d      => 1
0x42e      => 1
0x43b      => 1
0x43c      => 8
0x444      => 1
0x445      => 1
0x44b      => 1
0x44c      => 1
0x452      => 4
0x456      => 1
0x457      => 1
0x458      => 4
0x45c      => 4
0x460      => 4
0x464      => 4
0x468      => 1
0x469      => 4
0x46d      => 4
0x471      => 1
0x472      => 1
0x473      => 1
0x474      => 4
0x4dc      => 4
0x4e0      => 1
0x4e1      => 1
0x4e7      => 1
0x4e8      => 1
0x517      => 1
0x518      => 8
0x520      => 1
0x521      => 8
0x529      => 1
0x52a      => 8
0x532      => 1
0x533      => 1
0x540      => 1
0x541      => 1
0x548      => 1
0x549      => 1
0x550      => 1
0x551      => 1
0x570      => 4
0x574      => 1
0x575      => 1
0x576      => 4
0x57a      => 4
0x57e      => 4
0x582      => 4
0x586      => 1
0x587      => 4
0x58b      => 4
0x58f      => 1
0x590      => 1
0x591      => 1
0x592      => 4
0x65e      => 4
0x662      => 1
0x663      => 8
0x66b      => 1
0x66c      => 1
0x66d      => 1
0x66e      => 8
0x676      => 1
0x677      => 1
0x684      => 1
0x685      => 8
0x68d      => 1
0x68e      => 8
0x696      => 1
0x697      => 1
0x6a4      => 1
0x6a5      => 8
0x6ad      => 1
0x6ae      => 1
0x6af      => 1
0x6b0      => 1
0x6bb      => 1
0x6bc      => 1
0x6bd      => 1
0x6be      => 1
0x6c4      => 1
0x6c5      => 1
0x6dd      => 1
0x6de      => 1
0x6e8      => 4
0x6ec      => 1
0x6ed      => 1
0x6ee      => 4
0x6f2      => 4
0x6f6      => 4
0x6fa      => 4
0x6fe      => 1
0x6ff      => 4
0x703      => 4
0x707      => 1
0x708      => 1
0x709      => 1
0x70a      => 4
0x7ba      => 4
0x7be      => 1
0x7bf      => 1
0x7c4      => 1
0x7c5      => 1
0x7c8      => 1
0x7c9      => 1
0x7ce      => 1
0x7cf      => 1
0x7d2      => 1
0x7d3      => 1
0x7d5      => 1
0x7d6      => 1
0x7e2      => 1
0x7e3      => 1
0x7e5      => 1
0x7e6      => 1
0x7f4      => 1
0x7f5      => 1
0x7f7      => 1
0x7f8      => 1
0x804      => 1
0x805      => 1
0x807      => 1
0x808      => 1
0x812      => 1
0x813      => 1
0x815      => 1
0x816      => 1
0x821      => 1
0x822      => 1
0x824      => 1
0x825      => 1
0x82b      => 1
0x82c      => 1
0x831      => 1
0x832      => 1
0x83d      => 4
0x841      => 1
0x842      => 1
0x843      => 4
0x847      => 4
0x84b      => 4
0x84f      => 4
0x853      => 1
0x854      => 4
0x858      => 4
0x85c      => 1
0x85d      => 1
0x85e      => 1
0x85f      => 4
0x8af      => 4
0x8b3      => 1
0x8b4      => 8
0x8bc      => 1
0x8bd      => 1
0x8c4      => 1
0x8c5      => 1
0x8c9      => 1
0x8ca      => 1
0x8cf      => 4
0x8d3      => 1
0x8d4      => 1
0x8d5      => 4
0x8d9      => 4
0x8dd      => 4
0x8e1      => 4
0x8e5      => 1
0x8e6      => 4
0x8ea      => 4
0x8ee      => 1
0x8ef      => 1
0x8f0      => 1
0x8f1      => 4
0x95d      => 4
0x961      => 1
0x962      => 1
0x963      => 1
0x964      => 8
0x96c      => 1
0x96d      => 8
0x975      => 1
0x976      => 1
0x978      => 1
0x979      => 1
0x97b      => 1
0x97c      => 1
0x981      => 1
0x982      => 1
0x987      => 1
0x988      => 8
0x990      => 1
0x991      => 1
0x998      => 1
0x999      => 1
0x9a1      => 4
0x9a5      => 1
0x9a6      => 1
0x9a7      => 4
0x9ab      => 4
0x9af      => 4
0x9b3      => 4
0x9b7      => 1
0x9b8      => 4
0x9bc      => 4
0x9c0      => 1
0x9c1      => 1
0x9c2      => 1
0x9c3      => 4
0xb0f      => 4
0xb13      => 1
0xb14      => 1
0xb1d      => 1
0xb1e      => 1
0xb25      => 1
0xb26      => 1
0xb2a      => 1
0xb2b      => 8
0xb33      => 1
0xb34      => 1
0xb35      => 1
0xb36      => 1
0xb3b      => 1
0xb3c      => 1
0xb42      => 1
0xb43      => 8
0xb4b      => 1
0xb4c      => 1
0xb4e      => 1
0xb4f      => 1
0xb53      => 1
0xb54      => 1
0xb56      => 1
0xb57      => 1
0xb60      => 1
0xb61      => 8
0xb69      => 4
0xb6d      => 1
0xb6e      => 1
0xb6f      => 4
0xb73      => 4
0xb77      => 4
0xb7b      => 4
0xb7f      => 1
0xb80      => 4
0xb84      => 4
0xb88      => 1
0xb89      => 1
0xb8a      => 1
0xb8b      => 4
0x1053     => 4
0x1057     => 1
0x1058     => 1
0x1063     => 1
0x1064     => 8
0x106c     => 1
0x106d     => 8
0x1075     => 1
0x1076     => 8
0x107e     => 1
0x107f     => 8
0x1087     => 1
0x1088     => 8
0x1090     => 1
0x1091     => 8
0x1099     => 1
0x109a     => 8
0x10a2     => 1
0x10a3     => 8
0x10ab     => 1
0x10ac     => 8
0x10b4     => 1
0x10b5     => 8
0x10bd     => 1
0x10be     => 8
0x10c6     => 1
0x10c7     => 8
0x10cf     => 1
0x10d0     => 8
0x10d8     => 1
0x10d9     => 8
0x10e1     => 1
0x10e2     => 8
0x10ea     => 1
0x10eb     => 8
0x10f3     => 1
0x10f4     => 8
0x10fc     => 1
0x10fd     => 8
0x1105     => 1
0x1106     => 8
0x110e     => 1
0x110f     => 8
0x1117     => 1
0x1118     => 8
0x1120     => 1
0x1121     => 8
0x1129     => 1
0x112a     => 8
0x1132     => 1
0x1133     => 8
0x113b     => 1
0x113c     => 8
0x1144     => 1
0x1145     => 8
0x114d     => 1
0x114e     => 8
0x1156     => 1
0x1157     => 8
0x115f     => 1
0x1160     => 8
0x1168     => 1
0x1169     => 8
0x1171     => 1
0x1172     => 8
0x117a     => 1
0x117b     => 8
0x1183     => 1
0x1184     => 8
0x118c     => 1
0x118d     => 8
0x1195     => 1
0x1196     => 8
0x119e     => 1
0x119f     => 8
0x11a7     => 1
0x11a8     => 8
0x11b0     => 1
0x11b1     => 8
0x11b9     => 1
0x11ba     => 8
0x11c2     => 1
0x11c3     => 8
0x11cb     => 1
0x11cc     => 8
0x11d4     => 1
0x11d5     => 8
0x11dd     => 1
0x11de     => 8
0x11e6     => 1
0x11e7     => 8
0x11ef     => 1
0x11f0     => 8
0x11f8     => 1
0x11f9     => 8
0x1201     => 1
0x1202     => 8
0x120a     => 1
0x120b     => 8
0x1213     => 1
0x1214     => 8
0x121c     => 1
0x121d     => 8
0x1225     => 1
0x1226     => 8
0x122e     => 1
0x122f     => 8
0x1237     => 1
0x1238     => 8
0x1240     => 1
0x1241     => 8
0x1249     => 1
0x124a     => 8
0x1252     => 1
0x1253     => 8
0x125b     => 1
0x125c     => 8
0x1264     => 1
0x1265     => 8
0x126d     => 1
0x126e     => 8
0x1276     => 1
0x1277     => 8
0x127f     => 1
0x1280     => 8
0x1288     => 1
0x1289     => 8
0x1291     => 1
0x1292     => 8
0x129a     => 1
0x129b     => 8
0x12a3     => 1
0x12a4     => 8
0x12ac     => 1
0x12ad     => 8
0x12b5     => 1
0x12b6     => 8
0x12be     => 1
0x12bf     => 8
0x12c7     => 1
0x12c8     => 8
0x12d0     => 1
0x12d1     => 8
0x12d9     => 1
0x12da     => 8
0x12e2     => 1
0x12e3     => 8
0x12eb     => 1
0x12ec     => 8
0x12f4     => 1
0x12f5     => 8
0x12fd     => 1
0x12fe     => 8
0x1306     => 1
0x1307     => 8
0x130f     => 1
0x1310     => 8
0x1318     => 1
0x1319     => 8
0x1321     => 1
0x1322     => 8
0x132a     => 1
0x132b     => 8
0x1333     => 1
0x1334     => 8
0x133c     => 1
0x133d     => 8
0x1345     => 1
0x1346     => 8
0x134e     => 1
0x134f     => 8
0x1357     => 1
0x1358     => 8
0x1360     => 1
0x1361     => 8
0x1369     => 1
0x136a     => 8
0x1372     => 1
0x1373     => 8
0x137b     => 1
0x137c     => 8
0x1384     => 1
0x1385     => 8
0x138d     => 1
0x138e     => 8
0x1396     => 1
0x1397     => 8
0x139f     => 1
0x13a0     => 8
0x13a8     => 1
0x13a9     => 8
0x13b1     => 1
0x13b2     => 8
0x13ba     => 1
0x13bb     => 8
0x13c3     => 1
0x13c4     => 8
0x13cc     => 1
0x13cd     => 8
0x13d5     => 1
0x13d6     => 8
0x13de     => 1
0x13df     => 8
0x13e7     => 1
0x13e8     => 8
0x13f0     => 1
0x13f1     => 8
0x13f9     => 1
0x13fa     => 8
0x1402     => 1
0x1403     => 8
0x140b     => 1
0x140c     => 8
0x1414     => 1
0x1415     => 8
0x141d     => 1
0x141e     => 8
0x1426     => 1
0x1427     => 8
0x142f     => 1
0x1430     => 8
0x1438     => 1
0x1439     => 8
0x1441     => 1
0x1442     => 8
0x144a     => 1
0x144b     => 8
0x1453     => 1
0x1454     => 8
0x145c     => 1
0x145d     => 8
0x1465     => 1
0x1466     => 8
0x146e     => 1
0x146f     => 8
0x1477     => 1
0x1478     => 8
0x1480     => 1
0x1481     => 8
0x1489     => 1
0x148a     => 8
0x1492     => 1
0x1493     => 8
0x149b     => 1
0x149c     => 8
0x14a4     => 1
0x14a5     => 8
0x14ad     => 1
0x14ae     => 8
0x14b6     => 1
0x14b7     => 8
0x14bf     => 1
0x14c0     => 8
0x14c8     => 1
0x14c9     => 8
0x14d1     => 1
0x14d2     => 8
0x14da     => 1
0x14db     => 8
0x14e3     => 1
0x14e4     => 8
0x14ec     => 1
0x14ed     => 8
0x14f5     => 1
0x14f6     => 8
0x14fe     => 1
0x14ff     => 8
0x1507     => 1
0x1508     => 8
0x1510     => 1
0x1511     => 8
0x1519     => 1
0x151a     => 8
0x1522     => 1
0x1523     => 8
0x152b     => 1
0x152c     => 8
0x1534     => 1
0x1535     => 8
0x153d     => 1
0x153e     => 8
0x1546     => 1
0x1547     => 8
0x154f     => 1
0x1550     => 8
0x1558     => 1
0x1559     => 8
0x1561     => 1
0x1562     => 8
0x156a     => 1
0x156b     => 8
0x1573     => 1
0x1574     => 8
0x157c     => 1
0x157d     => 8
0x1585     => 1
0x1586     => 8
0x158e     => 1
0x158f     => 8
0x1597     => 1
0x1598     => 8
0x15a0     => 1
0x15a1     => 8
0x15a9     => 1
0x15aa     => 8
0x15b2     => 1
0x15b3     => 8
0x15bb     => 1
0x15bc     => 8
0x15c4     => 1
0x15c5     => 8
0x15cd     => 1
0x15ce     => 8
0x15d6     => 1
0x15d7     => 8
0x15df     => 1
0x15e0     => 8
0x15e8     => 1
0x15e9     => 8
0x15f1     => 1
0x15f2     => 8
0x15fa     => 1
0x15fb     => 8
0x1603     => 1
0x1604     => 8
0x160c     => 1
0x160d     => 8
0x1615     => 1
0x1616     => 8
0x161e     => 1
0x161f     => 8
0x1627     => 1
0x1628     => 8
0x1630     => 1
0x1631     => 8
0x1639     => 1
0x163a     => 8
0x1642     => 1
0x1643     => 8
0x164b     => 1
0x164c     => 8
0x1654     => 1
0x1655     => 8
0x165d     => 1
0x165e     => 8
0x1666     => 1
0x1667     => 8
0x166f     => 1
0x1670     => 8
0x1678     => 1
0x1679     => 8
0x1681     => 1
0x1682     => 8
0x168a     => 1
0x168b     => 8
0x1693     => 1
0x1694     => 8
0x169c     => 1
0x169d     => 8
0x16a5     => 1
0x16a6     => 8
0x16ae     => 1
0x16af     => 8
0x16b7     => 1
0x16b8     => 8
0x16c0     => 1
0x16c1     => 8
0x16c9     => 1
0x16ca     => 8
0x16d2     => 1
0x16d3     => 8
0x16db     => 1
0x16dc     => 8
0x16e4     => 1
0x16e5     => 8
0x16ed     => 1
0x16ee     => 8
0x16f6     => 1
0x16f7     => 8
0x16ff     => 1
0x1700     => 8
0x1708     => 1
0x1709     => 8
0x1711     => 1
0x1712     => 8
0x171a     => 1
0x171b     => 8
0x1723     => 1
0x1724     => 8
0x172c     => 1
0x172d     => 8
0x1735     => 1
0x1736     => 8
0x173e     => 1
0x173f     => 8
0x1747     => 1
0x1748     => 8
0x1750     => 1
0x1751     => 8
0x1759     => 1
0x175a     => 8
0x1762     => 1
0x1763     => 8
0x176b     => 1
0x176c     => 8
0x1774     => 1
0x1775     => 8
0x177d     => 1
0x177e     => 8
0x1786     => 1
0x1787     => 8
0x178f     => 1
0x1790     => 8
0x1798     => 1
0x1799     => 8
0x17a1     => 1
0x17a2     => 8
0x17aa     => 1
0x17ab     => 8
0x17b3     => 1
0x17b4     => 8
0x17bc     => 1
0x17bd     => 8
0x17c5     => 1
0x17c6     => 8
0x17ce     => 1
0x17cf     => 8
0x17d7     => 1
0x17d8     => 8
0x17e0     => 1
0x17e1     => 8
0x17e9     => 1
0x17ea     => 8
0x17f2     => 1
0x17f3     => 8
0x17fb     => 1
0x17fc     => 8
0x1804     => 1
0x1805     => 8
0x180d     => 1
0x180e     => 8
0x1816     => 1
0x1817     => 8
0x181f     => 1
0x1820     => 8
0x1828     => 1
0x1829     => 8
0x1831     => 1
0x1832     => 8
0x183a     => 1
0x183b     => 8
0x1843     => 1
0x1844     => 8
0x184c     => 1
0x184d     => 8
0x1855     => 1
0x1856     => 8
0x185e     => 1
0x185f     => 8
0x1867     => 1
0x1868     => 8
0x1870     => 1
0x1871     => 8
0x1879     => 1
0x187a     => 8
0x1882     => 1
0x1883     => 8
0x188b     => 1
0x188c     => 8
0x1894     => 1
0x1895     => 8
0x189d     => 1
0x189e     => 8
0x18a6     => 1
0x18a7     => 8
0x18af     => 1
0x18b0     => 8
0x18b8     => 1
0x18b9     => 8
0x18c1     => 1
0x18c2     => 8
0x18ca     => 1
0x18cb     => 8
0x18d3     => 1
0x18d4     => 8
0x18dc     => 1
0x18dd     => 8
0x18e5     => 1
0x18e6     => 8
0x18ee     => 1
0x18ef     => 8
0x18f7     => 1
0x18f8     => 8
0x1900     => 1
0x1901     => 8
0x1909     => 1
0x190a     => 8
0x1912     => 1
0x1913     => 8
0x191b     => 1
0x191c     => 8
0x1924     => 1
0x1925     => 8
0x192d     => 1
0x192e     => 8
0x1936     => 1
0x1937     => 8
0x193f     => 1
0x1940     => 8
0x1948     => 1
0x1949     => 8
0x1951     => 1
0x1952     => 8
0x195a     => 1
0x195b     => 8
0x1963     => 1
0x1964     => 1
0x1968     => 1
0x1969     => 1
0x1976     => 4
0x197a     => 1
0x197b     => 1
0x197c     => 4
0x1980     => 4
0x1984     => 4
0x1988     => 4
0x198c     => 1
0x198d     => 4
0x1991     => 4
0x1995     => 1
0x1996     => 1
0x1997     => 1
0x1998     => 4
0x19b0     => 4
0x19b4     => 1
0x19b5     => 1
0x19c2     => 1
0x19c3     => 1
0x19ce     => 4
0x19d2     => 1
0x19d3     => 1
0x19d4     => 4
0x19d8     => 4
0x19dc     => 4
0x19e0     => 4
0x19e4     => 4
0x19e8     => 4
0x19ec     => 4
